<?xml version="1.0" encoding="UTF-8"?>
<!-- Generated by org.testng.reporters.JUnitXMLReporter -->
<testsuite hostname="DESKTOP-N8OOENM" ignored="3" name="Test1" tests="1" failures="0" timestamp="2020-07-29T20:10:55 IST" time="21.278" errors="0">
  <testcase name="allImageHeadText" time="21.118" classname="com.floweraura.test.DynamicImagesHeadText"/>
  <testcase name="allImage_KnowMore_Link" time="0.0" classname="com.floweraura.test.DynamicImagesHeadText">
    <ignored/>
  </testcase> <!-- allImage_KnowMore_Link -->
  <testcase name="subText" time="0.0" classname="com.floweraura.test.DynamicImagesHeadText">
    <ignored/>
  </testcase> <!-- subText -->
  <testcase name="allImageul_ListText" time="0.0" classname="com.floweraura.test.DynamicImagesHeadText">
    <ignored/>
  </testcase> <!-- allImageul_ListText -->
</testsuite> <!-- Test1 -->
