<?xml version="1.0" encoding="UTF-8"?>
<testng-results skipped="0" failed="0" ignored="3" total="4" passed="1">
  <reporter-output>
  </reporter-output>
  <suite name="Suite1" duration-ms="21278" started-at="2020-07-29T20:10:34 IST" finished-at="2020-07-29T20:10:55 IST">
    <groups>
    </groups>
    <test name="Test1" duration-ms="21278" started-at="2020-07-29T20:10:34 IST" finished-at="2020-07-29T20:10:55 IST">
      <class name="com.floweraura.test.DynamicImagesHeadText">
        <test-method status="PASS" signature="launchBrowsers()[pri:0, instance:com.floweraura.test.DynamicImagesHeadText@6cc7b4de]" name="launchBrowsers" is-config="true" duration-ms="55061" started-at="2020-07-29T20:09:39 IST" finished-at="2020-07-29T20:10:34 IST">
          <reporter-output>
          </reporter-output>
        </test-method> <!-- launchBrowsers -->
        <test-method status="PASS" signature="allImageHeadText()[pri:0, instance:com.floweraura.test.DynamicImagesHeadText@6cc7b4de]" name="allImageHeadText" duration-ms="21118" started-at="2020-07-29T20:10:34 IST" finished-at="2020-07-29T20:10:55 IST">
          <reporter-output>
          </reporter-output>
        </test-method> <!-- allImageHeadText -->
        <test-method status="PASS" signature="bowserClose()[pri:0, instance:com.floweraura.test.DynamicImagesHeadText@6cc7b4de]" name="bowserClose" is-config="true" duration-ms="207" started-at="2020-07-29T20:10:55 IST" finished-at="2020-07-29T20:10:56 IST">
          <reporter-output>
          </reporter-output>
        </test-method> <!-- bowserClose -->
      </class> <!-- com.floweraura.test.DynamicImagesHeadText -->
    </test> <!-- Test1 -->
  </suite> <!-- Suite1 -->
</testng-results>
